#
# There is insufficient memory for the Java Runtime Environment to continue.
# Native memory allocation (malloc) failed to allocate 1030576 bytes for Chunk::new
# Possible reasons:
#   The system is out of physical RAM or swap space
#   The process is running with CompressedOops enabled, and the Java Heap may be blocking the growth of the native heap
# Possible solutions:
#   Reduce memory load on the system
#   Increase physical memory or swap space
#   Check if swap backing store is full
#   Decrease Java heap size (-Xmx/-Xms)
#   Decrease number of Java threads
#   Decrease Java thread stack sizes (-Xss)
#   Set larger code cache with -XX:ReservedCodeCacheSize=
#   JVM is running with Unscaled Compressed Oops mode in which the Java heap is
#     placed in the first 4GB address space. The Java Heap base address is the
#     maximum limit for the native heap growth. Please use -XX:HeapBaseMinAddress
#     to set the Java Heap base and to place the Java Heap above 4GB virtual address.
# This output file may be truncated or incomplete.
#
#  Out of Memory Error (allocation.cpp:389), pid=3488, tid=0x0000000000001b84
#
# JRE version: Java(TM) SE Runtime Environment (8.0_231-b11) (build 1.8.0_231-b11)
# Java VM: Java HotSpot(TM) 64-Bit Server VM (25.231-b11 mixed mode windows-amd64 compressed oops)
# Failed to write core dump. Minidumps are not enabled by default on client versions of Windows
#

---------------  T H R E A D  ---------------

Current thread (0x000000001738f000):  JavaThread "C2 CompilerThread1" daemon [_thread_in_native, id=7044, stack(0x0000000018ac0000,0x0000000018bc0000)]

Stack: [0x0000000018ac0000,0x0000000018bc0000]
[error occurred during error reporting (printing stack bounds), id 0xc0000005]

Native frames: (J=compiled Java code, j=interpreted, Vv=VM code, C=native code)


Current CompileTask:
C2: 122733 8618   !   4       java.io.ObjectInputStream::readObject0 (566 bytes)


---------------  P R O C E S S  ---------------

Java Threads: ( => current thread )
  0x000000001d590000 JavaThread "stdout" [_thread_in_native, id=2368, stack(0x00000000267c0000,0x00000000268c0000)]
  0x000000001d591800 JavaThread "stderr" [_thread_in_native, id=2024, stack(0x00000000266c0000,0x00000000267c0000)]
  0x000000001d592800 JavaThread "pool-3-thread-1" [_thread_blocked, id=3384, stack(0x00000000261c0000,0x00000000262c0000)]
  0x000000001d594000 JavaThread "WorkerExecutor Queue Thread 4" [_thread_blocked, id=4700, stack(0x00000000260c0000,0x00000000261c0000)]
  0x000000001fafb000 JavaThread "WorkerExecutor Queue Thread 3" [_thread_blocked, id=7016, stack(0x000000001ac90000,0x000000001ad90000)]
  0x000000001fafa000 JavaThread "WorkerExecutor Queue Thread 2" [_thread_blocked, id=6804, stack(0x0000000000a80000,0x0000000000b80000)]
  0x000000001faf9800 JavaThread "WorkerExecutor Queue" [_thread_blocked, id=5500, stack(0x000000001bab0000,0x000000001bbb0000)]
  0x000000001fafb800 JavaThread "Cache worker for execution history cache (C:\Users\user\Documents\pluralsight-projects-Android-CandyCodedApplication-e57feeb\.gradle\5.4.1\executionHistory)" [_thread_blocked, id=2624, stack(0x0000000025bc0000,0x0000000025cc0000)]
  0x000000001faf8800 JavaThread "Execution worker for ':' Thread 3" [_thread_blocked, id=6480, stack(0x0000000025ac0000,0x0000000025bc0000)]
  0x000000001faef800 JavaThread "Execution worker for ':' Thread 2" [_thread_blocked, id=5040, stack(0x00000000259c0000,0x0000000025ac0000)]
  0x000000001faf6800 JavaThread "Execution worker for ':'" [_thread_blocked, id=6752, stack(0x0000000024670000,0x0000000024770000)]
  0x000000001faf5800 JavaThread "Cache worker for file content cache (C:\Users\user\Documents\pluralsight-projects-Android-CandyCodedApplication-e57feeb\.gradle\5.4.1\fileContent)" [_thread_blocked, id=5292, stack(0x0000000024370000,0x0000000024470000)]
  0x000000001faf1000 JavaThread "Cache worker for file content cache (C:\caches\5.4.1\fileContent)" [_thread_blocked, id=5908, stack(0x0000000024270000,0x0000000024370000)]
  0x000000001faf0800 JavaThread "Memory manager" [_thread_blocked, id=6796, stack(0x0000000000b80000,0x0000000000c80000)]
  0x000000001faed800 JavaThread "Cache worker for Build Output Cleanup Cache (C:\Users\user\Documents\pluralsight-projects-Android-CandyCodedApplication-e57feeb\.gradle\buildOutputCleanup)" [_thread_blocked, id=5636, stack(0x00000000217d0000,0x00000000218d0000)]
  0x000000001faef000 JavaThread "Build operations Thread 4" [_thread_blocked, id=3496, stack(0x00000000209d0000,0x0000000020ad0000)]
  0x000000001faf3800 JavaThread "Build operations Thread 3" [_thread_blocked, id=1092, stack(0x00000000208d0000,0x00000000209d0000)]
  0x000000001faf2800 JavaThread "Build operations Thread 2" [_thread_blocked, id=1480, stack(0x00000000207d0000,0x00000000208d0000)]
  0x000000001faee000 JavaThread "Build operations" [_thread_blocked, id=3436, stack(0x00000000206d0000,0x00000000207d0000)]
  0x000000001a373800 JavaThread "Cache worker for execution history cache (C:\caches\5.4.1\executionHistory)" [_thread_in_native, id=6116, stack(0x00000000203d0000,0x00000000204d0000)]
  0x000000001a372800 JavaThread "Cache worker for cache directory md-rule (C:\caches\5.4.1\md-rule)" [_thread_blocked, id=2980, stack(0x00000000202d0000,0x00000000203d0000)]
  0x000000001a372000 JavaThread "Cache worker for cache directory md-supplier (C:\caches\5.4.1\md-supplier)" [_thread_blocked, id=2140, stack(0x000000001ef50000,0x000000001f050000)]
  0x000000001a36d000 JavaThread "Cache worker for file hash cache (C:\Users\user\Documents\pluralsight-projects-Android-CandyCodedApplication-e57feeb\.gradle\5.4.1\fileHashes)" [_thread_blocked, id=1200, stack(0x000000001e450000,0x000000001e550000)]
  0x000000001a371000 JavaThread "Cache worker for journal cache (C:\caches\journal-1)" [_thread_blocked, id=6488, stack(0x000000001beb0000,0x000000001bfb0000)]
  0x000000001a370000 JavaThread "File lock request listener" [_thread_in_native, id=6524, stack(0x000000001bdb0000,0x000000001beb0000)]
  0x000000001a36e800 JavaThread "Cache worker for file hash cache (C:\caches\5.4.1\fileHashes)" [_thread_blocked, id=3828, stack(0x000000001bcb0000,0x000000001bdb0000)]
  0x000000001a3bb000 JavaThread "Thread-9" [_thread_blocked, id=4264, stack(0x000000001bbb0000,0x000000001bcb0000)]
  0x00000000190a1000 JavaThread "Asynchronous log dispatcher for DefaultDaemonConnection: socket connection from /127.0.0.1:50297 to /127.0.0.1:50298" [_thread_blocked, id=5536, stack(0x000000001b9b0000,0x000000001bab0000)]
  0x000000001a40e800 JavaThread "Daemon worker" [_thread_blocked, id=5772, stack(0x000000001b8b0000,0x000000001b9b0000)]
  0x0000000019669800 JavaThread "Cancel handler" [_thread_blocked, id=3932, stack(0x000000001b7b0000,0x000000001b8b0000)]
  0x0000000019bb4800 JavaThread "Handler for socket connection from /127.0.0.1:50297 to /127.0.0.1:50298" [_thread_in_native, id=4440, stack(0x000000001b4b0000,0x000000001b5b0000)]
  0x0000000018e3e800 JavaThread "Daemon" [_thread_blocked, id=3272, stack(0x000000001b3b0000,0x000000001b4b0000)]
  0x00000000197a0000 JavaThread "Daemon periodic checks" [_thread_blocked, id=5476, stack(0x000000001b2b0000,0x000000001b3b0000)]
  0x00000000197a4800 JavaThread "Incoming local TCP Connector on port 50297" [_thread_in_native, id=6256, stack(0x000000001b0d0000,0x000000001b1d0000)]
  0x000000001a384800 JavaThread "Daemon health stats" [_thread_blocked, id=5724, stack(0x0000000000980000,0x0000000000a80000)]
  0x0000000018cf0800 JavaThread "Service Thread" daemon [_thread_blocked, id=7012, stack(0x00000000190c0000,0x00000000191c0000)]
  0x0000000017392000 JavaThread "C1 CompilerThread2" daemon [_thread_blocked, id=4172, stack(0x0000000018bc0000,0x0000000018cc0000)]
=>0x000000001738f000 JavaThread "C2 CompilerThread1" daemon [_thread_in_native, id=7044, stack(0x0000000018ac0000,0x0000000018bc0000)]
  0x0000000017389800 JavaThread "C2 CompilerThread0" daemon [_thread_in_native, id=6416, stack(0x00000000189c0000,0x0000000018ac0000)]
  0x0000000017396800 JavaThread "Attach Listener" daemon [_thread_blocked, id=5236, stack(0x00000000188c0000,0x00000000189c0000)]
  0x0000000017395800 JavaThread "Signal Dispatcher" daemon [_thread_blocked, id=3120, stack(0x00000000187c0000,0x00000000188c0000)]
  0x000000000276a800 JavaThread "Finalizer" daemon [_thread_blocked, id=2648, stack(0x00000000185e0000,0x00000000186e0000)]
  0x000000001737a000 JavaThread "Reference Handler" daemon [_thread_blocked, id=6808, stack(0x00000000184e0000,0x00000000185e0000)]
  0x000000000266d800 JavaThread "main" [_thread_blocked, id=4376, stack(0x0000000002520000,0x0000000002620000)]

Other Threads:
  0x0000000017358000 VMThread [stack: 0x00000000183e0000,0x00000000184e0000] [id=112]
  0x00000000173ee000 WatcherThread [stack: 0x00000000191c0000,0x00000000192c0000] [id=3560]

VM state:not at safepoint (normal execution)

VM Mutex/Monitor currently owned by a thread: None

heap address: 0x0000000080000000, size: 2048 MB, Compressed Oops mode: 32-bit
Narrow klass base: 0x0000000000000000, Narrow klass shift: 3
Compressed class space size: 1073741824 Address: 0x0000000100000000

Heap:
 PSYoungGen      total 108544K, used 16569K [0x00000000d5580000, 0x00000000dcd00000, 0x0000000100000000)
  eden space 94720K, 7% used [0x00000000d5580000,0x00000000d5c95c68,0x00000000db200000)
  from space 13824K, 67% used [0x00000000db200000,0x00000000dbb18940,0x00000000dbf80000)
  to   space 12800K, 0% used [0x00000000dc080000,0x00000000dc080000,0x00000000dcd00000)
 ParOldGen       total 69632K, used 30529K [0x0000000080000000, 0x0000000084400000, 0x00000000d5580000)
  object space 69632K, 43% used [0x0000000080000000,0x0000000081dd0488,0x0000000084400000)
 Metaspace       used 66398K, capacity 68584K, committed 68756K, reserved 1107968K
  class space    used 9081K, capacity 9599K, committed 9620K, reserved 1048576K

Card table byte_map: [0x0000000011b30000,0x0000000011f40000] byte_map_base: 0x0000000011730000

Marking Bits: (ParMarkBitMap*) 0x0000000068a56d90
 Begin Bits: [0x00000000125f0000, 0x00000000145f0000)
 End Bits:   [0x00000000145f0000, 0x00000000165f0000)

Polling page: 0x0000000000d30000

CodeCache: size=245760Kb used=24805Kb max_used=24819Kb free=220954Kb
 bounds [0x0000000002770000, 0x0000000003fd0000, 0x0000000011770000]
 total_blobs=8459 nmethods=7614 adapters=756
 compilation: enabled

Compilation events (10 events):
Event: 122.530 Thread 0x0000000017392000 nmethod 8680 0x0000000003259fd0 code [0x000000000325a160, 0x000000000325a510]
Event: 122.530 Thread 0x0000000017392000 8681       3       org.gradle.api.internal.artifacts.ivyservice.resolveengine.artifact.ArtifactBackedResolvedVariant::getAttributes (5 bytes)
Event: 122.531 Thread 0x0000000017392000 nmethod 8681 0x0000000003259c90 code [0x0000000003259de0, 0x0000000003259f50]
Event: 122.531 Thread 0x0000000017392000 8682       3       org.gradle.internal.Pair::of (10 bytes)
Event: 122.531 Thread 0x0000000017392000 nmethod 8682 0x0000000002b3e2d0 code [0x0000000002b3e440, 0x0000000002b3e6b0]
Event: 122.531 Thread 0x0000000017392000 8683       3       org.gradle.api.internal.artifacts.transform.ConsumerProvidedVariantFinder::collectConsumerVariants (66 bytes)
Event: 122.532 Thread 0x0000000017392000 nmethod 8683 0x0000000003fa4f50 code [0x0000000003fa5160, 0x0000000003fa5ac8]
Event: 122.550 Thread 0x0000000017389800 nmethod 8636 0x0000000002be7a10 code [0x0000000002be7be0, 0x0000000002be8f90]
Event: 122.550 Thread 0x0000000017389800 8630       4       java.util.concurrent.locks.ReentrantLock$FairSync::tryAcquire (74 bytes)
Event: 122.552 Thread 0x0000000017389800 nmethod 8630 0x000000000323d210 code [0x000000000323d340, 0x000000000323d458]

GC Heap History (10 events):
Event: 93.503 GC heap before
{Heap before GC invocations=26 (full 2):
 PSYoungGen      total 81408K, used 33272K [0x00000000d5580000, 0x00000000dc180000, 0x0000000100000000)
  eden space 70656K, 31% used [0x00000000d5580000,0x00000000d6b85ff0,0x00000000d9a80000)
  from space 10752K, 99% used [0x00000000d9a80000,0x00000000da4f8208,0x00000000da500000)
  to   space 13312K, 0% used [0x00000000db480000,0x00000000db480000,0x00000000dc180000)
 ParOldGen       total 39936K, used 28054K [0x0000000080000000, 0x0000000082700000, 0x00000000d5580000)
  object space 39936K, 70% used [0x0000000080000000,0x0000000081b658e8,0x0000000082700000)
 Metaspace       used 57450K, capacity 58990K, committed 59028K, reserved 1099776K
  class space    used 7887K, capacity 8310K, committed 8340K, reserved 1048576K
Event: 93.516 GC heap after
Heap after GC invocations=26 (full 2):
 PSYoungGen      total 97280K, used 2513K [0x00000000d5580000, 0x00000000dc200000, 0x0000000100000000)
  eden space 83968K, 0% used [0x00000000d5580000,0x00000000d5580000,0x00000000da780000)
  from space 13312K, 18% used [0x00000000db480000,0x00000000db6f4730,0x00000000dc180000)
  to   space 13312K, 0% used [0x00000000da780000,0x00000000da780000,0x00000000db480000)
 ParOldGen       total 39936K, used 36585K [0x0000000080000000, 0x0000000082700000, 0x00000000d5580000)
  object space 39936K, 91% used [0x0000000080000000,0x00000000823ba418,0x0000000082700000)
 Metaspace       used 57450K, capacity 58990K, committed 59028K, reserved 1099776K
  class space    used 7887K, capacity 8310K, committed 8340K, reserved 1048576K
}
Event: 93.516 GC heap before
{Heap before GC invocations=27 (full 3):
 PSYoungGen      total 97280K, used 2513K [0x00000000d5580000, 0x00000000dc200000, 0x0000000100000000)
  eden space 83968K, 0% used [0x00000000d5580000,0x00000000d5580000,0x00000000da780000)
  from space 13312K, 18% used [0x00000000db480000,0x00000000db6f4730,0x00000000dc180000)
  to   space 13312K, 0% used [0x00000000da780000,0x00000000da780000,0x00000000db480000)
 ParOldGen       total 39936K, used 36585K [0x0000000080000000, 0x0000000082700000, 0x00000000d5580000)
  object space 39936K, 91% used [0x0000000080000000,0x00000000823ba418,0x0000000082700000)
 Metaspace       used 57450K, capacity 58990K, committed 59028K, reserved 1099776K
  class space    used 7887K, capacity 8310K, committed 8340K, reserved 1048576K
Event: 93.785 GC heap after
Heap after GC invocations=27 (full 3):
 PSYoungGen      total 97280K, used 0K [0x00000000d5580000, 0x00000000dc200000, 0x0000000100000000)
  eden space 83968K, 0% used [0x00000000d5580000,0x00000000d5580000,0x00000000da780000)
  from space 13312K, 0% used [0x00000000db480000,0x00000000db480000,0x00000000dc180000)
  to   space 13312K, 0% used [0x00000000da780000,0x00000000da780000,0x00000000db480000)
 ParOldGen       total 69632K, used 30505K [0x0000000080000000, 0x0000000084400000, 0x00000000d5580000)
  object space 69632K, 43% used [0x0000000080000000,0x0000000081dca488,0x0000000084400000)
 Metaspace       used 57418K, capacity 58928K, committed 59028K, reserved 1099776K
  class space    used 7877K, capacity 8293K, committed 8340K, reserved 1048576K
}
Event: 99.576 GC heap before
{Heap before GC invocations=28 (full 3):
 PSYoungGen      total 97280K, used 83968K [0x00000000d5580000, 0x00000000dc200000, 0x0000000100000000)
  eden space 83968K, 100% used [0x00000000d5580000,0x00000000da780000,0x00000000da780000)
  from space 13312K, 0% used [0x00000000db480000,0x00000000db480000,0x00000000dc180000)
  to   space 13312K, 0% used [0x00000000da780000,0x00000000da780000,0x00000000db480000)
 ParOldGen       total 69632K, used 30505K [0x0000000080000000, 0x0000000084400000, 0x00000000d5580000)
  object space 69632K, 43% used [0x0000000080000000,0x0000000081dca488,0x0000000084400000)
 Metaspace       used 63324K, capacity 65304K, committed 65428K, reserved 1105920K
  class space    used 8801K, capacity 9279K, committed 9364K, reserved 1048576K
Event: 99.611 GC heap after
Heap after GC invocations=28 (full 3):
 PSYoungGen      total 97280K, used 8680K [0x00000000d5580000, 0x00000000dce00000, 0x0000000100000000)
  eden space 83968K, 0% used [0x00000000d5580000,0x00000000d5580000,0x00000000da780000)
  from space 13312K, 65% used [0x00000000da780000,0x00000000daffa000,0x00000000db480000)
  to   space 13824K, 0% used [0x00000000dc080000,0x00000000dc080000,0x00000000dce00000)
 ParOldGen       total 69632K, used 30513K [0x0000000080000000, 0x0000000084400000, 0x00000000d5580000)
  object space 69632K, 43% used [0x0000000080000000,0x0000000081dcc488,0x0000000084400000)
 Metaspace       used 63324K, capacity 65304K, committed 65428K, reserved 1105920K
  class space    used 8801K, capacity 9279K, committed 9364K, reserved 1048576K
}
Event: 119.171 GC heap before
{Heap before GC invocations=29 (full 3):
 PSYoungGen      total 97280K, used 92648K [0x00000000d5580000, 0x00000000dce00000, 0x0000000100000000)
  eden space 83968K, 100% used [0x00000000d5580000,0x00000000da780000,0x00000000da780000)
  from space 13312K, 65% used [0x00000000da780000,0x00000000daffa000,0x00000000db480000)
  to   space 13824K, 0% used [0x00000000dc080000,0x00000000dc080000,0x00000000dce00000)
 ParOldGen       total 69632K, used 30513K [0x0000000080000000, 0x0000000084400000, 0x00000000d5580000)
  object space 69632K, 43% used [0x0000000080000000,0x0000000081dcc488,0x0000000084400000)
 Metaspace       used 65348K, capacity 67412K, committed 67732K, reserved 1107968K
  class space    used 8992K, capacity 9509K, committed 9620K, reserved 1048576K
Event: 119.193 GC heap after
Heap after GC invocations=29 (full 3):
 PSYoungGen      total 107520K, used 8071K [0x00000000d5580000, 0x00000000dcd00000, 0x0000000100000000)
  eden space 94720K, 0% used [0x00000000d5580000,0x00000000d5580000,0x00000000db200000)
  from space 12800K, 63% used [0x00000000dc080000,0x00000000dc861c28,0x00000000dcd00000)
  to   space 13824K, 0% used [0x00000000db200000,0x00000000db200000,0x00000000dbf80000)
 ParOldGen       total 69632K, used 30521K [0x0000000080000000, 0x0000000084400000, 0x00000000d5580000)
  object space 69632K, 43% used [0x0000000080000000,0x0000000081dce488,0x0000000084400000)
 Metaspace       used 65348K, capacity 67412K, committed 67732K, reserved 1107968K
  class space    used 8992K, capacity 9509K, committed 9620K, reserved 1048576K
}
Event: 122.010 GC heap before
{Heap before GC invocations=30 (full 3):
 PSYoungGen      total 107520K, used 102791K [0x00000000d5580000, 0x00000000dcd00000, 0x0000000100000000)
  eden space 94720K, 100% used [0x00000000d5580000,0x00000000db200000,0x00000000db200000)
  from space 12800K, 63% used [0x00000000dc080000,0x00000000dc861c28,0x00000000dcd00000)
  to   space 13824K, 0% used [0x00000000db200000,0x00000000db200000,0x00000000dbf80000)
 ParOldGen       total 69632K, used 30521K [0x0000000080000000, 0x0000000084400000, 0x00000000d5580000)
  object space 69632K, 43% used [0x0000000080000000,0x0000000081dce488,0x0000000084400000)
 Metaspace       used 66277K, capacity 68356K, committed 68500K, reserved 1107968K
  class space    used 9070K, capacity 9591K, committed 9620K, reserved 1048576K
Event: 122.026 GC heap after
Heap after GC invocations=30 (full 3):
 PSYoungGen      total 108544K, used 9314K [0x00000000d5580000, 0x00000000dcd00000, 0x0000000100000000)
  eden space 94720K, 0% used [0x00000000d5580000,0x00000000d5580000,0x00000000db200000)
  from space 13824K, 67% used [0x00000000db200000,0x00000000dbb18940,0x00000000dbf80000)
  to   space 12800K, 0% used [0x00000000dc080000,0x00000000dc080000,0x00000000dcd00000)
 ParOldGen       total 69632K, used 30529K [0x0000000080000000, 0x0000000084400000, 0x00000000d5580000)
  object space 69632K, 43% used [0x0000000080000000,0x0000000081dd0488,0x0000000084400000)
 Metaspace       used 66277K, capacity 68356K, committed 68500K, reserved 1107968K
  class space    used 9070K, capacity 9591K, committed 9620K, reserved 1048576K
}

Deoptimization events (10 events):
Event: 121.468 Thread 0x000000001faef800 Uncommon trap: reason=class_check action=maybe_recompile pc=0x0000000003e4cc84 method=com.sun.org.apache.xerces.internal.dom.ElementImpl.getAttributes()Lorg/w3c/dom/NamedNodeMap; @ 8
Event: 121.468 Thread 0x000000001faef800 Uncommon trap: reason=class_check action=maybe_recompile pc=0x0000000003e4cc84 method=com.sun.org.apache.xerces.internal.dom.ElementImpl.getAttributes()Lorg/w3c/dom/NamedNodeMap; @ 8
Event: 121.480 Thread 0x000000001faef800 Uncommon trap: reason=unstable_if action=reinterpret pc=0x0000000003e39d38 method=com.android.utils.XmlUtils.toXmlAttributeValue(Ljava/lang/String;)Ljava/lang/String; @ 33
Event: 121.480 Thread 0x000000001faef800 Uncommon trap: reason=unstable_if action=reinterpret pc=0x0000000003edfdbc method=com.android.utils.XmlUtils.append(Lcom/android/utils/XmlUtils$PositionAwareStringBuilder;Lorg/w3c/dom/Node;Ljava/util/Map;Ljava/util/Set;)V @ 540
Event: 121.480 Thread 0x000000001faef800 Uncommon trap: reason=unstable_if action=reinterpret pc=0x0000000003edfdbc method=com.android.utils.XmlUtils.append(Lcom/android/utils/XmlUtils$PositionAwareStringBuilder;Lorg/w3c/dom/Node;Ljava/util/Map;Ljava/util/Set;)V @ 540
Event: 121.500 Thread 0x000000001faef800 Uncommon trap: reason=unstable_if action=reinterpret pc=0x0000000003edfdbc method=com.android.utils.XmlUtils.append(Lcom/android/utils/XmlUtils$PositionAwareStringBuilder;Lorg/w3c/dom/Node;Ljava/util/Map;Ljava/util/Set;)V @ 540
Event: 121.682 Thread 0x000000001faf6800 Uncommon trap: reason=unstable_if action=reinterpret pc=0x000000000289c6e8 method=java.util.HashMap$HashIterator.<init>(Ljava/util/HashMap;)V @ 45
Event: 121.682 Thread 0x000000001faf8800 Uncommon trap: reason=unstable_if action=reinterpret pc=0x00000000028ab830 method=java.util.HashMap$HashIterator.<init>(Ljava/util/HashMap;)V @ 45
Event: 122.277 Thread 0x000000001fafb000 Uncommon trap: reason=class_check action=maybe_recompile pc=0x00000000033787c0 method=java.lang.Throwable.<init>(Ljava/lang/String;Ljava/lang/Throwable;)V @ 24
Event: 122.286 Thread 0x000000001d590000 Uncommon trap: reason=unstable_if action=reinterpret pc=0x00000000030a9178 method=java.util.concurrent.locks.AbstractQueuedSynchronizer$ConditionObject.checkInterruptWhileWaiting(Ljava/util/concurrent/locks/AbstractQueuedSynchronizer$Node;)I @ 3

Classes redefined (0 events):
No events

Internal exceptions (10 events):
Event: 121.500 Thread 0x000000001faef800 Implicit null exception at 0x0000000003ee201b to 0x0000000003edfd99
Event: 121.525 Thread 0x000000001faef800 Exception <a 'java/lang/NoSuchMethodError': <clinit>> (0x00000000d99b9938) thrown at [C:\re\workspace\8-2-build-windows-amd64-cygwin\jdk8u231\13620\hotspot\src\share\vm\prims\jni.cpp, line 1614]
Event: 121.527 Thread 0x000000001faef800 Exception <a 'java/lang/NoSuchMethodError': <clinit>> (0x00000000d99d3928) thrown at [C:\re\workspace\8-2-build-windows-amd64-cygwin\jdk8u231\13620\hotspot\src\share\vm\prims\jni.cpp, line 1614]
Event: 121.527 Thread 0x000000001faef800 Exception <a 'java/lang/NoSuchMethodError': <clinit>> (0x00000000d99d8810) thrown at [C:\re\workspace\8-2-build-windows-amd64-cygwin\jdk8u231\13620\hotspot\src\share\vm\prims\jni.cpp, line 1614]
Event: 121.528 Thread 0x000000001faef800 Exception <a 'java/lang/NoSuchMethodError': <clinit>> (0x00000000d99e8ea0) thrown at [C:\re\workspace\8-2-build-windows-amd64-cygwin\jdk8u231\13620\hotspot\src\share\vm\prims\jni.cpp, line 1614]
Event: 122.285 Thread 0x000000001fafa000 Exception <a 'java/io/IOException'> (0x00000000d5651068) thrown at [C:\re\workspace\8-2-build-windows-amd64-cygwin\jdk8u231\13620\hotspot\src\share\vm\prims\jni.cpp, line 710]
Event: 122.285 Thread 0x000000001fafb000 Exception <a 'java/io/IOException'> (0x00000000d55f84c0) thrown at [C:\re\workspace\8-2-build-windows-amd64-cygwin\jdk8u231\13620\hotspot\src\share\vm\prims\jni.cpp, line 710]
Event: 122.285 Thread 0x000000001d594000 Exception <a 'java/io/IOException'> (0x00000000d5661740) thrown at [C:\re\workspace\8-2-build-windows-amd64-cygwin\jdk8u231\13620\hotspot\src\share\vm\prims\jni.cpp, line 710]
Event: 122.285 Thread 0x000000001faf9800 Exception <a 'java/io/IOException'> (0x00000000d562fd00) thrown at [C:\re\workspace\8-2-build-windows-amd64-cygwin\jdk8u231\13620\hotspot\src\share\vm\prims\jni.cpp, line 710]
Event: 122.318 Thread 0x000000001faf8800 Exception <a 'java/lang/NoSuchMethodError': <clinit>> (0x00000000d5991fd0) thrown at [C:\re\workspace\8-2-build-windows-amd64-cygwin\jdk8u231\13620\hotspot\src\share\vm\prims\jni.cpp, line 1614]

Events (10 events):
Event: 122.467 Thread 0x0000000017392000 flushing nmethod 0x0000000003528fd0
Event: 122.468 Thread 0x0000000017392000 flushing nmethod 0x0000000003617dd0
Event: 122.505 Thread 0x000000001d594800 Thread added: 0x000000001d594800
Event: 122.505 Thread 0x000000001d591000 Thread added: 0x000000001d591000
Event: 122.506 Thread 0x000000001d597000 Thread added: 0x000000001d597000
Event: 122.506 Thread 0x000000001d593000 Thread added: 0x000000001d593000
Event: 122.508 Thread 0x000000001d591800 Thread added: 0x000000001d591800
Event: 122.508 Thread 0x000000001d590000 Thread added: 0x000000001d590000
Event: 122.565 Executing VM operation: RevokeBias
Event: 122.565 Executing VM operation: RevokeBias done


Dynamic libraries:
0x00007ff623590000 - 0x00007ff6235c7000 	C:\Program Files\Java\jdk1.8.0_231\bin\java.exe
0x00007ffbae370000 - 0x00007ffbae532000 	C:\Windows\SYSTEM32\ntdll.dll
0x00007ffbabbc0000 - 0x00007ffbabc6d000 	C:\Windows\system32\KERNEL32.DLL
0x00007ffbab850000 - 0x00007ffbaba2d000 	C:\Windows\system32\KERNELBASE.dll
0x00007ffbac470000 - 0x00007ffbac516000 	C:\Windows\system32\ADVAPI32.dll
0x00007ffbae1f0000 - 0x00007ffbae28d000 	C:\Windows\system32\msvcrt.dll
0x00007ffbabff0000 - 0x00007ffbac04b000 	C:\Windows\system32\sechost.dll
0x00007ffbac0b0000 - 0x00007ffbac1d6000 	C:\Windows\system32\RPCRT4.dll
0x00007ffbabdf0000 - 0x00007ffbabf3e000 	C:\Windows\system32\USER32.dll
0x00007ffbaba30000 - 0x00007ffbabbb3000 	C:\Windows\system32\GDI32.dll
0x00007ffb9cf80000 - 0x00007ffb9d1f4000 	C:\Windows\WinSxS\amd64_microsoft.windows.common-controls_6595b64144ccf1df_6.0.10240.17184_none_f41d7a705752bce6\COMCTL32.dll
0x00007ffbadea0000 - 0x00007ffbaded6000 	C:\Windows\system32\IMM32.DLL
0x00007ffbac520000 - 0x00007ffbac67c000 	C:\Windows\system32\MSCTF.dll
0x00000000694d0000 - 0x00000000695a2000 	C:\Program Files\Java\jdk1.8.0_231\jre\bin\msvcr100.dll
0x0000000068230000 - 0x0000000068ad6000 	C:\Program Files\Java\jdk1.8.0_231\jre\bin\server\jvm.dll
0x00007ffbabdc0000 - 0x00007ffbabdc8000 	C:\Windows\system32\PSAPI.DLL
0x00007ffb8f9d0000 - 0x00007ffb8f9d9000 	C:\Windows\SYSTEM32\WSOCK32.dll
0x00007ffb9f080000 - 0x00007ffb9f08a000 	C:\Windows\SYSTEM32\VERSION.dll
0x00007ffba8ea0000 - 0x00007ffba8ec3000 	C:\Windows\SYSTEM32\WINMM.dll
0x00007ffbade30000 - 0x00007ffbade99000 	C:\Windows\system32\WS2_32.dll
0x00007ffbac1e0000 - 0x00007ffbac1e8000 	C:\Windows\system32\NSI.dll
0x00007ffba8e40000 - 0x00007ffba8e6c000 	C:\Windows\SYSTEM32\WINMMBASE.dll
0x00007ffbab690000 - 0x00007ffbab6d4000 	C:\Windows\system32\cfgmgr32.dll
0x00007ffba9670000 - 0x00007ffba9697000 	C:\Windows\SYSTEM32\DEVOBJ.dll
0x00007ffba8c60000 - 0x00007ffba8c6f000 	C:\Program Files\Java\jdk1.8.0_231\jre\bin\verify.dll
0x00007ffba6930000 - 0x00007ffba6959000 	C:\Program Files\Java\jdk1.8.0_231\jre\bin\java.dll
0x00007ffba6970000 - 0x00007ffba6986000 	C:\Program Files\Java\jdk1.8.0_231\jre\bin\zip.dll
0x00007ffbac8f0000 - 0x00007ffbade13000 	C:\Windows\system32\SHELL32.dll
0x00007ffbab060000 - 0x00007ffbab689000 	C:\Windows\system32\windows.storage.dll
0x00007ffbac1f0000 - 0x00007ffbac46c000 	C:\Windows\system32\combase.dll
0x00007ffbac6e0000 - 0x00007ffbac731000 	C:\Windows\system32\shlwapi.dll
0x00007ffbaadd0000 - 0x00007ffbaaddf000 	C:\Windows\system32\kernel.appcore.dll
0x00007ffbab790000 - 0x00007ffbab843000 	C:\Windows\system32\shcore.dll
0x00007ffbaade0000 - 0x00007ffbaae2a000 	C:\Windows\system32\powrprof.dll
0x00007ffbaad90000 - 0x00007ffbaada3000 	C:\Windows\system32\profapi.dll
0x00007ffba63c0000 - 0x00007ffba63da000 	C:\Program Files\Java\jdk1.8.0_231\jre\bin\net.dll
0x00007ffbaa600000 - 0x00007ffbaa65d000 	C:\Windows\system32\mswsock.dll
0x00007ffba6350000 - 0x00007ffba6362000 	C:\Program Files\Java\jdk1.8.0_231\jre\bin\nio.dll
0x00007ffba6370000 - 0x00007ffba6396000 	C:\native\29\windows-amd64\native-platform.dll
0x00007ffba5ce0000 - 0x00007ffba5ced000 	C:\Program Files\Java\jdk1.8.0_231\jre\bin\management.dll
0x00007ffbaa660000 - 0x00007ffbaa677000 	C:\Windows\SYSTEM32\CRYPTSP.dll
0x00007ffbaa8d0000 - 0x00007ffbaa8f8000 	C:\Windows\SYSTEM32\bcrypt.dll
0x00007ffbaa2b0000 - 0x00007ffbaa2e3000 	C:\Windows\system32\rsaenh.dll
0x00007ffbaa3a0000 - 0x00007ffbaa3bf000 	C:\Windows\SYSTEM32\USERENV.dll
0x00007ffbaabe0000 - 0x00007ffbaac4b000 	C:\Windows\system32\bcryptprimitives.dll
0x00007ffbaa7d0000 - 0x00007ffbaa7db000 	C:\Windows\SYSTEM32\CRYPTBASE.dll
0x00007ffba82d0000 - 0x00007ffba8308000 	C:\Windows\SYSTEM32\IPHLPAPI.DLL
0x00007ffba82c0000 - 0x00007ffba82cb000 	C:\Windows\SYSTEM32\WINNSI.DLL
0x00007ffba5860000 - 0x00007ffba5876000 	C:\Windows\SYSTEM32\dhcpcsvc6.DLL
0x00007ffba5500000 - 0x00007ffba551a000 	C:\Windows\SYSTEM32\dhcpcsvc.DLL
0x00007ffba34b0000 - 0x00007ffba34d4000 	C:\Program Files\Java\jdk1.8.0_231\jre\bin\sunec.dll
0x00007ffbaa3c0000 - 0x00007ffbaa468000 	C:\Windows\SYSTEM32\DNSAPI.dll
0x00007ffba0280000 - 0x00007ffba028a000 	C:\Windows\System32\rasadhlp.dll
0x00007ffba4ec0000 - 0x00007ffba4f28000 	C:\Windows\System32\fwpuclnt.dll
0x00007ffba3720000 - 0x00007ffba372b000 	C:\Program Files\Java\jdk1.8.0_231\jre\bin\sunmscapi.dll
0x00007ffbaae30000 - 0x00007ffbaaff1000 	C:\Windows\system32\CRYPT32.dll
0x00007ffbaadb0000 - 0x00007ffbaadc1000 	C:\Windows\system32\MSASN1.dll
0x00007ffba94f0000 - 0x00007ffba9568000 	C:\Windows\system32\apphelp.dll

VM Arguments:
jvm_args: -Xmx2048m -Dfile.encoding=windows-1252 -Duser.country=US -Duser.language=en -Duser.variant 
java_command: org.gradle.launcher.daemon.bootstrap.GradleDaemon 5.4.1
java_class_path (initial): C:\wrapper\dists\gradle-5.4.1-all\3221gyojl5jsh0helicew7rwx\gradle-5.4.1\lib\gradle-launcher-5.4.1.jar
Launcher Type: SUN_STANDARD

Environment Variables:
JAVA_HOME=C:\Program Files\Java\jdk1.8.0_231
PATH=C:\Windows\system32;C:\Windows;C:\Windows\System32\Wbem;C:\Windows\System32\WindowsPowerShell\v1.0\;C:\Program Files\Java\jdk-11.0.2\bin;C:\Program Files\Java\jdk1.8.0_231\bin;C:\Users\user\AppData\Local\Programs\Python\Python38;C:\Program Files\Git\cmd;C:\Program Files\Java\jdk-11.0.2\bin;C:\Program Files\Java\jdk1.8.0_231\bin;%DASHLANE_DLL_DIR%
USERNAME=JUST
OS=Windows_NT
PROCESSOR_IDENTIFIER=Intel64 Family 6 Model 69 Stepping 1, GenuineIntel



---------------  S Y S T E M  ---------------

OS: Windows 10.0 , 64 bit Build 10240 (10.0.10240.17113)

CPU:total 4 (initial active 4) (2 cores per cpu, 2 threads per core) family 6 model 69 stepping 1, cmov, cx8, fxsr, mmx, sse, sse2, sse3, ssse3, sse4.1, sse4.2, popcnt, avx, avx2, aes, clmul, erms, lzcnt, ht, tsc, tscinvbit, bmi1, bmi2

Memory: 4k page, physical 3874620k(195068k free), swap 5275452k(4000k free)

vm_info: Java HotSpot(TM) 64-Bit Server VM (25.231-b11) for windows-amd64 JRE (1.8.0_231-b11), built on Oct  5 2019 03:11:30 by "java_re" with MS VC++ 10.0 (VS2010)

time: Thu Oct 01 08:39:31 2020
timezone: E. Africa Standard Time
elapsed time: 122 seconds (0d 0h 2m 2s)

